<?xml version="1.0" encoding="UTF-8"?>
<!-- Generated by org.testng.reporters.JUnitReportReporter -->
<testsuite hostname="DESKTOP-LC4NJQA" failures="0" tests="1" name="testCases.TC002_LoginTest" time="1.377" errors="0" timestamp="2025-03-12T14:29:03 IST" skipped="0">
  <testcase classname="testCases.TC002_LoginTest" name="verify_login" time="1.377"/>
</testsuite> <!-- testCases.TC002_LoginTest -->
