<?xml version="1.0" encoding="UTF-8"?>
<!-- Generated by org.testng.reporters.JUnitReportReporter -->
<testsuite hostname="DESKTOP-LC4NJQA" failures="0" tests="1" name="testCases.TC001_AccountRegistrationTest" time="3.845" errors="0" timestamp="2025-04-24T11:49:12 IST" skipped="0">
  <testcase classname="testCases.TC001_AccountRegistrationTest" name="verify_accountregistration" time="3.845"/>
</testsuite> <!-- testCases.TC001_AccountRegistrationTest -->
