<?xml version="1.0" encoding="UTF-8"?>
<!-- Generated by org.testng.reporters.JUnitReportReporter -->
<testsuite hostname="DESKTOP-LC4NJQA" failures="0" tests="1" name="testCases.TC001_AccountRegistrationTest" time="3.437" errors="0" timestamp="2025-03-12T15:52:28 IST" skipped="0">
  <testcase classname="testCases.TC001_AccountRegistrationTest" name="verify_accountregistration" time="3.437"/>
</testsuite> <!-- testCases.TC001_AccountRegistrationTest -->
