<?xml version="1.0" encoding="UTF-8"?>
<!-- Generated by org.testng.reporters.JUnitReportReporter -->
<testsuite hostname="DESKTOP-LC4NJQA" failures="0" tests="1" name="testCases.TC002_LoginTest" time="1.810" errors="0" timestamp="2025-06-02T09:03:35 IST" skipped="0">
  <testcase classname="testCases.TC002_LoginTest" name="verify_login" time="1.810"/>
</testsuite> <!-- testCases.TC002_LoginTest -->
